# JRE version: Java(TM) SE Runtime Environment (8.0_172-b11) (build 1.8.0_172-b11)
# Java VM: Java HotSpot(TM) 64-Bit Server VM (25.172-b11 mixed mode windows-amd64 compressed oops)
Heap:
 PSYoungGen      total 70656K, used 13726K [0x00000000d6000000, 0x00000000daa00000, 0x0000000100000000)
  eden space 65536K, 20% used [0x00000000d6000000,0x00000000d6d67a60,0x00000000da000000)
  from space 5120K, 0% used [0x00000000da000000,0x00000000da000000,0x00000000da500000)
  to   space 5120K, 0% used [0x00000000da500000,0x00000000da500000,0x00000000daa00000)
 ParOldGen       total 55296K, used 13801K [0x0000000082000000, 0x0000000085600000, 0x00000000d6000000)
  object space 55296K, 24% used [0x0000000082000000,0x0000000082d7a540,0x0000000085600000)
 Metaspace       used 32243K, capacity 33866K, committed 34176K, reserved 1087488K
  class space    used 4334K, capacity 4644K, committed 4736K, reserved 1048576K
GC Heap History (10 events):
Event: 2.880 GC heap before
{Heap before GC invocations=8 (full 1):
 PSYoungGen      total 70656K, used 70644K [0x00000000d6000000, 0x00000000daa00000, 0x0000000100000000)
  eden space 65536K, 100% used [0x00000000d6000000,0x00000000da000000,0x00000000da000000)
  from space 5120K, 99% used [0x00000000da500000,0x00000000da9fd030,0x00000000daa00000)
  to   space 5120K, 0% used [0x00000000da000000,0x00000000da000000,0x00000000da500000)
 ParOldGen       total 55296K, used 10583K [0x0000000082000000, 0x0000000085600000, 0x00000000d6000000)
  object space 55296K, 19% used [0x0000000082000000,0x0000000082a55f98,0x0000000085600000)
 Metaspace       used 30561K, capacity 31956K, committed 32128K, reserved 1077248K
  class space    used 4108K, capacity 4392K, committed 4480K, reserved 1048576K
Event: 2.886 GC heap after
Heap after GC invocations=8 (full 1):
 PSYoungGen      total 70656K, used 5099K [0x00000000d6000000, 0x00000000daa00000, 0x0000000100000000)
  eden space 65536K, 0% used [0x00000000d6000000,0x00000000d6000000,0x00000000da000000)
  from space 5120K, 99% used [0x00000000da000000,0x00000000da4faf78,0x00000000da500000)
  to   space 5120K, 0% used [0x00000000da500000,0x00000000da500000,0x00000000daa00000)
 ParOldGen       total 55296K, used 15930K [0x0000000082000000, 0x0000000085600000, 0x00000000d6000000)
  object space 55296K, 28% used [0x0000000082000000,0x0000000082f8e9a8,0x0000000085600000)
 Metaspace       used 30561K, capacity 31956K, committed 32128K, reserved 1077248K
  class space    used 4108K, capacity 4392K, committed 4480K, reserved 1048576K
}
Event: 2.963 GC heap before
{Heap before GC invocations=9 (full 1):
 PSYoungGen      total 70656K, used 20905K [0x00000000d6000000, 0x00000000daa00000, 0x0000000100000000)
  eden space 65536K, 24% used [0x00000000d6000000,0x00000000d6f6f5d0,0x00000000da000000)
  from space 5120K, 99% used [0x00000000da000000,0x00000000da4faf78,0x00000000da500000)
  to   space 5120K, 0% used [0x00000000da500000,0x00000000da500000,0x00000000daa00000)
 ParOldGen       total 55296K, used 15930K [0x0000000082000000, 0x0000000085600000, 0x00000000d6000000)
  object space 55296K, 28% used [0x0000000082000000,0x0000000082f8e9a8,0x0000000085600000)
 Metaspace       used 31248K, capacity 32688K, committed 32896K, reserved 1079296K
  class space    used 4189K, capacity 4474K, committed 4480K, reserved 1048576K
Event: 2.968 GC heap after
Heap after GC invocations=9 (full 1):
 PSYoungGen      total 70656K, used 5099K [0x00000000d6000000, 0x00000000daa00000, 0x0000000100000000)
  eden space 65536K, 0% used [0x00000000d6000000,0x00000000d6000000,0x00000000da000000)
  from space 5120K, 99% used [0x00000000da500000,0x00000000da9faf78,0x00000000daa00000)
  to   space 5120K, 0% used [0x00000000da000000,0x00000000da000000,0x00000000da500000)
 ParOldGen       total 55296K, used 17002K [0x0000000082000000, 0x0000000085600000, 0x00000000d6000000)
  object space 55296K, 30% used [0x0000000082000000,0x000000008309a8a8,0x0000000085600000)
 Metaspace       used 31248K, capacity 32688K, committed 32896K, reserved 1079296K
  class space    used 4189K, capacity 4474K, committed 4480K, reserved 1048576K
}
Event: 2.968 GC heap before
{Heap before GC invocations=10 (full 2):
 PSYoungGen      total 70656K, used 5099K [0x00000000d6000000, 0x00000000daa00000, 0x0000000100000000)
  eden space 65536K, 0% used [0x00000000d6000000,0x00000000d6000000,0x00000000da000000)
  from space 5120K, 99% used [0x00000000da500000,0x00000000da9faf78,0x00000000daa00000)
  to   space 5120K, 0% used [0x00000000da000000,0x00000000da000000,0x00000000da500000)
 ParOldGen       total 55296K, used 17002K [0x0000000082000000, 0x0000000085600000, 0x00000000d6000000)
  object space 55296K, 30% used [0x0000000082000000,0x000000008309a8a8,0x0000000085600000)
 Metaspace       used 31248K, capacity 32688K, committed 32896K, reserved 1079296K
  class space    used 4189K, capacity 4474K, committed 4480K, reserved 1048576K
Event: 3.027 GC heap after
Heap after GC invocations=10 (full 2):
 PSYoungGen      total 70656K, used 0K [0x00000000d6000000, 0x00000000daa00000, 0x0000000100000000)
  eden space 65536K, 0% used [0x00000000d6000000,0x00000000d6000000,0x00000000da000000)
  from space 5120K, 0% used [0x00000000da500000,0x00000000da500000,0x00000000daa00000)
  to   space 5120K, 0% used [0x00000000da000000,0x00000000da000000,0x00000000da500000)
 ParOldGen       total 55296K, used 13794K [0x0000000082000000, 0x0000000085600000, 0x00000000d6000000)
  object space 55296K, 24% used [0x0000000082000000,0x0000000082d78988,0x0000000085600000)
 Metaspace       used 31248K, capacity 32688K, committed 32896K, reserved 1079296K
  class space    used 4189K, capacity 4474K, committed 4480K, reserved 1048576K
}
Event: 3.052 GC heap before
{Heap before GC invocations=11 (full 2):
 PSYoungGen      total 70656K, used 4566K [0x00000000d6000000, 0x00000000daa00000, 0x0000000100000000)
  eden space 65536K, 6% used [0x00000000d6000000,0x00000000d64758b8,0x00000000da000000)
  from space 5120K, 0% used [0x00000000da500000,0x00000000da500000,0x00000000daa00000)
  to   space 5120K, 0% used [0x00000000da000000,0x00000000da000000,0x00000000da500000)
 ParOldGen       total 55296K, used 13794K [0x0000000082000000, 0x0000000085600000, 0x00000000d6000000)
  object space 55296K, 24% used [0x0000000082000000,0x0000000082d78988,0x0000000085600000)
 Metaspace       used 31444K, capacity 32894K, committed 33024K, reserved 1083392K
  class space    used 4222K, capacity 4515K, committed 4608K, reserved 1048576K
Event: 3.053 GC heap after
Heap after GC invocations=11 (full 2):
 PSYoungGen      total 70656K, used 661K [0x00000000d6000000, 0x00000000daa00000, 0x0000000100000000)
  eden space 65536K, 0% used [0x00000000d6000000,0x00000000d6000000,0x00000000da000000)
  from space 5120K, 12% used [0x00000000da000000,0x00000000da0a54e8,0x00000000da500000)
  to   space 5120K, 0% used [0x00000000da500000,0x00000000da500000,0x00000000daa00000)
 ParOldGen       total 55296K, used 13794K [0x0000000082000000, 0x0000000085600000, 0x00000000d6000000)
  object space 55296K, 24% used [0x0000000082000000,0x0000000082d78988,0x0000000085600000)
 Metaspace       used 31444K, capacity 32894K, committed 33024K, reserved 1083392K
  class space    used 4222K, capacity 4515K, committed 4608K, reserved 1048576K
}
Event: 3.053 GC heap before
{Heap before GC invocations=12 (full 3):
 PSYoungGen      total 70656K, used 661K [0x00000000d6000000, 0x00000000daa00000, 0x0000000100000000)
  eden space 65536K, 0% used [0x00000000d6000000,0x00000000d6000000,0x00000000da000000)
  from space 5120K, 12% used [0x00000000da000000,0x00000000da0a54e8,0x00000000da500000)
  to   space 5120K, 0% used [0x00000000da500000,0x00000000da500000,0x00000000daa00000)
 ParOldGen       total 55296K, used 13794K [0x0000000082000000, 0x0000000085600000, 0x00000000d6000000)
  object space 55296K, 24% used [0x0000000082000000,0x0000000082d78988,0x0000000085600000)
 Metaspace       used 31444K, capacity 32894K, committed 33024K, reserved 1083392K
  class space    used 4222K, capacity 4515K, committed 4608K, reserved 1048576K
Event: 3.169 GC heap after
Heap after GC invocations=12 (full 3):
 PSYoungGen      total 70656K, used 0K [0x00000000d6000000, 0x00000000daa00000, 0x0000000100000000)
  eden space 65536K, 0% used [0x00000000d6000000,0x00000000d6000000,0x00000000da000000)
  from space 5120K, 0% used [0x00000000da000000,0x00000000da000000,0x00000000da500000)
  to   space 5120K, 0% used [0x00000000da500000,0x00000000da500000,0x00000000daa00000)
 ParOldGen       total 55296K, used 13801K [0x0000000082000000, 0x0000000085600000, 0x00000000d6000000)
  object space 55296K, 24% used [0x0000000082000000,0x0000000082d7a540,0x0000000085600000)
 Metaspace       used 31444K, capacity 32894K, committed 33024K, reserved 1081344K
  class space    used 4222K, capacity 4515K, committed 4608K, reserved 1048576K
}

